0 info it worked if it ends with ok
1 verbose cli [ '/usr/local/bin/node',
1 verbose cli   '/usr/local/bin/npm',
1 verbose cli   'install',
1 verbose cli   'nodemon',
1 verbose cli   '-g' ]
2 info using npm@2.15.5
3 info using node@v4.4.6
4 verbose install initial load of /usr/local/lib/package.json
5 verbose readDependencies loading dependencies from /usr/local/lib/package.json
6 silly cache add args [ 'nodemon', null ]
7 verbose cache add spec nodemon
8 silly cache add parsed spec Result {
8 silly cache add   raw: 'nodemon',
8 silly cache add   scope: null,
8 silly cache add   name: 'nodemon',
8 silly cache add   rawSpec: '',
8 silly cache add   spec: 'latest',
8 silly cache add   type: 'tag' }
9 silly addNamed nodemon@latest
10 verbose addNamed "latest" is being treated as a dist-tag for nodemon
11 info addNameTag [ 'nodemon', 'latest' ]
12 silly mapToRegistry name nodemon
13 silly mapToRegistry using default registry
14 silly mapToRegistry registry https://registry.npmjs.org/
15 silly mapToRegistry data Result {
15 silly mapToRegistry   raw: 'nodemon',
15 silly mapToRegistry   scope: null,
15 silly mapToRegistry   name: 'nodemon',
15 silly mapToRegistry   rawSpec: '',
15 silly mapToRegistry   spec: 'latest',
15 silly mapToRegistry   type: 'tag' }
16 silly mapToRegistry uri https://registry.npmjs.org/nodemon
17 verbose addNameTag registry:https://registry.npmjs.org/nodemon not in flight; fetching
18 verbose request uri https://registry.npmjs.org/nodemon
19 verbose request no auth needed
20 info attempt registry request try #1 at 11:06:25 PM
21 verbose request id 340545e4ecbe0833
22 http request GET https://registry.npmjs.org/nodemon
23 http 200 https://registry.npmjs.org/nodemon
24 verbose headers { 'content-type': 'application/json; charset=UTF-8',
24 verbose headers   server: 'UploadServer',
24 verbose headers   'cache-control': 'max-age=300',
24 verbose headers   'last-modified': 'Wed, 20 Dec 2017 23:25:37 GMT',
24 verbose headers   etag: '"5a3af171-3a7e6"',
24 verbose headers   'content-encoding': 'gzip',
24 verbose headers   'content-length': '25183',
24 verbose headers   'accept-ranges': 'bytes',
24 verbose headers   date: 'Fri, 22 Dec 2017 05:06:25 GMT',
24 verbose headers   via: '1.1 varnish',
24 verbose headers   age: '5634',
24 verbose headers   connection: 'keep-alive',
24 verbose headers   'x-served-by': 'cache-mdw17338-MDW',
24 verbose headers   'x-cache': 'HIT',
24 verbose headers   'x-cache-hits': '2',
24 verbose headers   'x-timer': 'S1513919186.817747,VS0,VE0',
24 verbose headers   vary: 'Accept-Encoding, Accept' }
25 silly get cb [ 200,
25 silly get   { 'content-type': 'application/json; charset=UTF-8',
25 silly get     server: 'UploadServer',
25 silly get     'cache-control': 'max-age=300',
25 silly get     'last-modified': 'Wed, 20 Dec 2017 23:25:37 GMT',
25 silly get     etag: '"5a3af171-3a7e6"',
25 silly get     'content-encoding': 'gzip',
25 silly get     'content-length': '25183',
25 silly get     'accept-ranges': 'bytes',
25 silly get     date: 'Fri, 22 Dec 2017 05:06:25 GMT',
25 silly get     via: '1.1 varnish',
25 silly get     age: '5634',
25 silly get     connection: 'keep-alive',
25 silly get     'x-served-by': 'cache-mdw17338-MDW',
25 silly get     'x-cache': 'HIT',
25 silly get     'x-cache-hits': '2',
25 silly get     'x-timer': 'S1513919186.817747,VS0,VE0',
25 silly get     vary: 'Accept-Encoding, Accept' } ]
26 verbose get saving nodemon to /Users/BearCow/.npm/registry.npmjs.org/nodemon/.cache.json
27 verbose correctMkdir /Users/BearCow/.npm correctMkdir not in flight; initializing
28 verbose makeDirectory /Users/BearCow/.npm creation not in flight; initializing
29 silly makeDirectory /Users/BearCow/.npm uid: 501 gid: 20
30 silly addNameTag next cb for nodemon with tag latest
31 silly addNamed nodemon@1.14.1
32 verbose addNamed "1.14.1" is a plain semver version for nodemon
33 silly mapToRegistry name nodemon
34 silly mapToRegistry using default registry
35 silly mapToRegistry registry https://registry.npmjs.org/
36 silly mapToRegistry data Result {
36 silly mapToRegistry   raw: 'nodemon',
36 silly mapToRegistry   scope: null,
36 silly mapToRegistry   name: 'nodemon',
36 silly mapToRegistry   rawSpec: '',
36 silly mapToRegistry   spec: 'latest',
36 silly mapToRegistry   type: 'tag' }
37 silly mapToRegistry uri https://registry.npmjs.org/nodemon
38 verbose addRemoteTarball https://registry.npmjs.org/nodemon/-/nodemon-1.14.1.tgz not in flight; adding
39 verbose addRemoteTarball [ 'https://registry.npmjs.org/nodemon/-/nodemon-1.14.1.tgz',
39 verbose addRemoteTarball   'f43447d99cfacc586316b38b456a3ffb4537914f' ]
40 info retry fetch attempt 1 at 11:06:25 PM
41 info attempt registry request try #1 at 11:06:25 PM
42 http fetch GET https://registry.npmjs.org/nodemon/-/nodemon-1.14.1.tgz
43 http fetch 200 https://registry.npmjs.org/nodemon/-/nodemon-1.14.1.tgz
44 silly fetchAndShaCheck shasum f43447d99cfacc586316b38b456a3ffb4537914f
45 verbose addTmpTarball /var/folders/ny/z2mh13q11z1fkcq486ntv0cw0000gn/T/npm-1503-ad478d0f/registry.npmjs.org/nodemon/-/nodemon-1.14.1.tgz not in flight; adding
46 verbose addTmpTarball already have metadata; skipping unpack for nodemon@1.14.1
47 verbose correctMkdir /Users/BearCow/.npm correctMkdir not in flight; initializing
48 silly cache afterAdd nodemon@1.14.1
49 verbose afterAdd /Users/BearCow/.npm/nodemon/1.14.1/package/package.json not in flight; writing
50 verbose correctMkdir /Users/BearCow/.npm correctMkdir not in flight; initializing
51 verbose afterAdd /Users/BearCow/.npm/nodemon/1.14.1/package/package.json written
52 silly install resolved [ { name: 'nodemon',
52 silly install resolved     homepage: 'http://nodemon.io',
52 silly install resolved     author: { name: 'Remy Sharp', url: 'http://github.com/remy' },
52 silly install resolved     bin: { nodemon: './bin/nodemon.js' },
52 silly install resolved     engines: { node: '>=4' },
52 silly install resolved     repository: { type: 'git', url: 'git+https://github.com/remy/nodemon.git' },
52 silly install resolved     description: 'Simple monitor script for use during development of a node.js app.',
52 silly install resolved     keywords:
52 silly install resolved      [ 'monitor',
52 silly install resolved        'development',
52 silly install resolved        'restart',
52 silly install resolved        'autoload',
52 silly install resolved        'reload',
52 silly install resolved        'terminal' ],
52 silly install resolved     license: 'MIT',
52 silly install resolved     main: './lib/nodemon',
52 silly install resolved     scripts:
52 silly install resolved      { commitmsg: 'commitlint -e',
52 silly install resolved        coverage: 'istanbul cover _mocha -- --timeout 30000 --ui bdd --reporter list test/**/*.test.js',
52 silly install resolved        lint: 'jscs lib/**/*.js -v',
52 silly install resolved        ':spec': 'mocha --timeout 30000 --ui bdd test/**/*.test.js',
52 silly install resolved        test: 'npm run lint && npm run spec',
52 silly install resolved        spec: 'for FILE in test/**/*.test.js; do echo $FILE; TEST=1 mocha --exit --timeout 30000 $FILE; if [ $? -ne 0 ]; then exit 1; fi; sleep 1; done',
52 silly install resolved        postspec: 'npm run clean',
52 silly install resolved        clean: 'rm -rf test/fixtures/test*.js test/fixtures/test*.md',
52 silly install resolved        web: 'node web',
52 silly install resolved        'semantic-release': 'semantic-release pre && npm publish && semantic-release post',
52 silly install resolved        postinstall: 'node -e "console.log(\'\\u001b[32mLove nodemon? You can now support the project via the open collective:\\u001b[22m\\u001b[39m\\n > \\u001b[96m\\u001b[1mhttps://opencollective.com/nodemon/donate\\u001b[0m\\n\')"' },
52 silly install resolved     devDependencies:
52 silly install resolved      { '@commitlint/cli': '^3.1.3',
52 silly install resolved        '@commitlint/config-angular': '^3.1.1',
52 silly install resolved        async: '1.4.2',
52 silly install resolved        'coffee-script': '~1.7.1',
52 silly install resolved        husky: '^0.14.3',
52 silly install resolved        istanbul: '^0.4.5',
52 silly install resolved        jscs: '^3.0.7',
52 silly install resolved        mocha: '^2.3.3',
52 silly install resolved        'semantic-release': '^8.2.0',
52 silly install resolved        should: '~4.0.0' },
52 silly install resolved     dependencies:
52 silly install resolved      { chokidar: '^1.7.0',
52 silly install resolved        debug: '^2.6.8',
52 silly install resolved        'ignore-by-default': '^1.0.1',
52 silly install resolved        minimatch: '^3.0.4',
52 silly install resolved        'pstree.remy': '^1.1.0',
52 silly install resolved        touch: '^3.1.0',
52 silly install resolved        undefsafe: '0.0.3',
52 silly install resolved        'update-notifier': '^2.3.0' },
52 silly install resolved     version: '1.14.1',
52 silly install resolved     gitHead: '4589bc8a600733ab42982669c5f83679a4a6c3d9',
52 silly install resolved     bugs: { url: 'https://github.com/remy/nodemon/issues' },
52 silly install resolved     _id: 'nodemon@1.14.1',
52 silly install resolved     _npmVersion: '5.5.1',
52 silly install resolved     _nodeVersion: '9.3.0',
52 silly install resolved     _npmUser: { name: 'remy', email: 'remy@leftlogic.com' },
52 silly install resolved     dist:
52 silly install resolved      { integrity: 'sha512-PtcTmgr+bF4ikUrUtuxK/ODc7Qrufb2z2zrOd4Qw9pt7dwNUSgiYxN3dlLbQ/wb0b+dx+3GnnqEjmcUya3i7TA==',
52 silly install resolved        shasum: 'f43447d99cfacc586316b38b456a3ffb4537914f',
52 silly install resolved        tarball: 'https://registry.npmjs.org/nodemon/-/nodemon-1.14.1.tgz' },
52 silly install resolved     maintainers: [ [Object] ],
52 silly install resolved     _npmOperationalInternal:
52 silly install resolved      { host: 's3://npm-registry-packages',
52 silly install resolved        tmp: 'tmp/nodemon-1.14.1.tgz_1513812336154_0.698122929316014' },
52 silly install resolved     directories: {},
52 silly install resolved     _shasum: 'f43447d99cfacc586316b38b456a3ffb4537914f',
52 silly install resolved     _resolved: 'https://registry.npmjs.org/nodemon/-/nodemon-1.14.1.tgz',
52 silly install resolved     _from: 'nodemon@latest' } ]
53 info install nodemon@1.14.1 into /usr/local/lib
54 info installOne nodemon@1.14.1
55 verbose installOne of nodemon to /usr/local/lib not in flight; installing
56 verbose correctMkdir /Users/BearCow/.npm/_locks correctMkdir not in flight; initializing
57 verbose makeDirectory /Users/BearCow/.npm/_locks creation not in flight; initializing
58 silly makeDirectory /Users/BearCow/.npm/_locks uid: 501 gid: 20
59 verbose lock using /Users/BearCow/.npm/_locks/nodemon-49f7ed19e778991e.lock for /usr/local/lib/node_modules/nodemon
60 silly install write writing nodemon 1.14.1 to /usr/local/lib/node_modules/nodemon
61 verbose unbuild lib/node_modules/nodemon
62 info preuninstall nodemon@1.14.0
63 info uninstall nodemon@1.14.0
64 verbose unbuild rmStuff nodemon@1.14.0 from /usr/local/lib/node_modules
65 silly gentlyRm /usr/local/bin/nodemon is being gently removed
66 silly gentlyRm verifying /usr/local is an npm working directory
67 silly gentlyRm containing path /usr/local is under npm's control, in /usr/local
68 silly gentlyRm deletion target /usr/local/bin/nodemon is under /usr/local
69 verbose gentlyRm vacuuming from /usr/local/bin/nodemon up to /usr/local
70 info postuninstall nodemon@1.14.0
71 silly gentlyRm /usr/local/lib/node_modules/nodemon is being purged from base /usr/local
72 verbose gentlyRm don't care about contents; nuking /usr/local/lib/node_modules/nodemon
73 silly vacuum-fs purging /usr/local/lib/node_modules/nodemon
74 verbose unlock done using /Users/BearCow/.npm/_locks/nodemon-49f7ed19e778991e.lock for /usr/local/lib/node_modules/nodemon
75 verbose stack Error: EACCES: permission denied, rmdir '/usr/local/lib/node_modules/nodemon'
75 verbose stack     at Error (native)
76 verbose cwd /Users/BearCow/Desktop/CL
77 error Darwin 16.7.0
78 error argv "/usr/local/bin/node" "/usr/local/bin/npm" "install" "nodemon" "-g"
79 error node v4.4.6
80 error npm  v2.15.5
81 error path /usr/local/lib/node_modules/nodemon
82 error code EACCES
83 error errno -13
84 error syscall rmdir
85 error Error: EACCES: permission denied, rmdir '/usr/local/lib/node_modules/nodemon'
85 error     at Error (native)
85 error  { [Error: EACCES: permission denied, rmdir '/usr/local/lib/node_modules/nodemon']
85 error   errno: -13,
85 error   code: 'EACCES',
85 error   syscall: 'rmdir',
85 error   path: '/usr/local/lib/node_modules/nodemon' }
86 error Please try running this command again as root/Administrator.
87 verbose exit [ -13, true ]
88 verbose unbuild lib/node_modules/nodemon
89 info preuninstall nodemon@1.14.0
90 info uninstall nodemon@1.14.0
91 verbose unbuild rmStuff nodemon@1.14.0 from /usr/local/lib/node_modules
92 silly gentlyRm /usr/local/bin/nodemon is being gently removed
93 silly gentlyRm verifying /usr/local is an npm working directory
94 silly gentlyRm containing path /usr/local is under npm's control, in /usr/local
95 silly gentlyRm deletion target /usr/local/bin/nodemon is under /usr/local
96 verbose gentlyRm vacuuming from /usr/local/bin/nodemon up to /usr/local
97 info postuninstall nodemon@1.14.0
98 silly gentlyRm /usr/local/lib/node_modules/nodemon is being purged from base /usr/local
99 verbose gentlyRm don't care about contents; nuking /usr/local/lib/node_modules/nodemon
100 silly vacuum-fs purging /usr/local/lib/node_modules/nodemon
101 error error rolling back Error: EACCES: permission denied, rmdir '/usr/local/lib/node_modules/nodemon'
101 error error rolling back     at Error (native)
101 error error rolling back  { [Error: EACCES: permission denied, rmdir '/usr/local/lib/node_modules/nodemon']
101 error error rolling back   errno: -13,
101 error error rolling back   code: 'EACCES',
101 error error rolling back   syscall: 'rmdir',
101 error error rolling back   path: '/usr/local/lib/node_modules/nodemon' }
